# Format log : date-timestamp/type_of_detection
2021-07-02-16:48:10/SoundDetected
2021-07-02-16:48:13/SoundDetected
2021-07-02-16:48:15/SoundDetected
2021-07-02-16:48:18/SoundDetected
2021-07-02-16:48:20/SoundDetected
2021-07-02-16:48:52/SoundDetected
2021-07-02-16:48:54/SoundDetected
2021-07-02-17:00:24/SoundDetected
2021-07-02-17:00:25/SoundDetected
2021-07-02-17:00:27/SoundDetected
2021-07-02-17:00:29/SoundDetected
2021-07-05-09:55:32/SoundDetected
2021-07-05-09:55:36/SoundDetected
2021-07-05-09:55:40/SoundDetected
2021-07-05-10:03:51/SoundDetected
2021-07-05-10:34:26/MotionDetected
2021-07-05-10:35:37/MotionDetected
2021-07-05-12:08:58testModule
2021-07-05-12:09:23/testModule
2021-07-05-12:10:51/testModule
2021-07-05-12:11:08/testModule
2021-07-05-12:11:20/testModule
2021-07-05-12:27:25/SonDetecte
2021-07-05-12:27:42/MouvementDetecte
2021-07-05-12:27:49/MouvementDetecte
2021-07-05-12:28:05/MouvementTermine
2021-07-05-12:28:22/MouvementDetecte
2021-07-05-14:30:23testDorian
2021-07-05_14:39:17/testDorian2
2021-07-05_14:54:01/Mouvement_detecte
2021-07-05_14:54:04/Mouvement_termine_ms
2021-07-05_14:54:06/Mouvement_detecte
2021-07-05_14:54:09/Mouvement_termine_ms
